Performing C SOURCE FILE Test CMAKE_HAVE_LIBC_PTHREAD failed with the following output:
Change Dir: /home/jetson/yolov5_trt_ros/build/CMakeFiles/CMakeTmp

Run Build Command(s):/usr/bin/make -f Makefile cmTC_c51ef/fast && /usr/bin/make  -f CMakeFiles/cmTC_c51ef.dir/build.make CMakeFiles/cmTC_c51ef.dir/build
make[1]: 进入目录“/home/jetson/yolov5_trt_ros/build/CMakeFiles/CMakeTmp”
Building C object CMakeFiles/cmTC_c51ef.dir/src.c.o
/usr/bin/cc -DCMAKE_HAVE_LIBC_PTHREAD   -o CMakeFiles/cmTC_c51ef.dir/src.c.o -c /home/jetson/yolov5_trt_ros/build/CMakeFiles/CMakeTmp/src.c
Linking C executable cmTC_c51ef
/home/jetson/cmake-3.20.0-rc2-linux-aarch64/bin/cmake -E cmake_link_script CMakeFiles/cmTC_c51ef.dir/link.txt --verbose=1
/usr/bin/cc -rdynamic CMakeFiles/cmTC_c51ef.dir/src.c.o -o cmTC_c51ef 
CMakeFiles/cmTC_c51ef.dir/src.c.o：在函数‘main’中：
src.c:(.text+0x48)：对‘pthread_create’未定义的引用
src.c:(.text+0x50)：对‘pthread_detach’未定义的引用
src.c:(.text+0x58)：对‘pthread_cancel’未定义的引用
src.c:(.text+0x64)：对‘pthread_join’未定义的引用
src.c:(.text+0x74)：对‘pthread_atfork’未定义的引用
collect2: error: ld returned 1 exit status
CMakeFiles/cmTC_c51ef.dir/build.make:98: recipe for target 'cmTC_c51ef' failed
make[1]: *** [cmTC_c51ef] Error 1
make[1]: 离开目录“/home/jetson/yolov5_trt_ros/build/CMakeFiles/CMakeTmp”
Makefile:127: recipe for target 'cmTC_c51ef/fast' failed
make: *** [cmTC_c51ef/fast] Error 2


Source file was:
#include <pthread.h>

static void* test_func(void* data)
{
  return data;
}

int main(void)
{
  pthread_t thread;
  pthread_create(&thread, NULL, test_func, NULL);
  pthread_detach(thread);
  pthread_cancel(thread);
  pthread_join(thread, NULL);
  pthread_atfork(NULL, NULL, NULL);
  pthread_exit(NULL);

  return 0;
}

Determining if the function pthread_create exists in the pthreads failed with the following output:
Change Dir: /home/jetson/yolov5_trt_ros/build/CMakeFiles/CMakeTmp

Run Build Command(s):/usr/bin/make -f Makefile cmTC_96d6c/fast && /usr/bin/make  -f CMakeFiles/cmTC_96d6c.dir/build.make CMakeFiles/cmTC_96d6c.dir/build
make[1]: 进入目录“/home/jetson/yolov5_trt_ros/build/CMakeFiles/CMakeTmp”
Building C object CMakeFiles/cmTC_96d6c.dir/CheckFunctionExists.c.o
/usr/bin/cc   -DCHECK_FUNCTION_EXISTS=pthread_create -o CMakeFiles/cmTC_96d6c.dir/CheckFunctionExists.c.o -c /home/jetson/cmake-3.20.0-rc2-linux-aarch64/share/cmake-3.20/Modules/CheckFunctionExists.c
Linking C executable cmTC_96d6c
/home/jetson/cmake-3.20.0-rc2-linux-aarch64/bin/cmake -E cmake_link_script CMakeFiles/cmTC_96d6c.dir/link.txt --verbose=1
/usr/bin/cc  -DCHECK_FUNCTION_EXISTS=pthread_create -rdynamic CMakeFiles/cmTC_96d6c.dir/CheckFunctionExists.c.o -o cmTC_96d6c  -lpthreads 
/usr/bin/ld: 找不到 -lpthreads
collect2: error: ld returned 1 exit status
CMakeFiles/cmTC_96d6c.dir/build.make:98: recipe for target 'cmTC_96d6c' failed
make[1]: *** [cmTC_96d6c] Error 1
make[1]: 离开目录“/home/jetson/yolov5_trt_ros/build/CMakeFiles/CMakeTmp”
Makefile:127: recipe for target 'cmTC_96d6c/fast' failed
make: *** [cmTC_96d6c/fast] Error 2



